C:\Program Files (x86)\MSBuild\Microsoft.Cpp\v4.0\V140\Microsoft.CppBuild.targets(368,5): warning MSB8004: Output Directory does not end with a trailing slash.  This build instance will add the slash as it is required to allow proper evaluation of the Output Directory.
  compilation object save succeeded; see C:\Users\Joakim.bensryd\Desktop\Specialisering\Bin\geometryShader.cso
  compilation object save succeeded; see C:\Users\Joakim.bensryd\Desktop\Specialisering\Bin\pixelShader.cso
  compilation object save succeeded; see C:\Users\Joakim.bensryd\Desktop\Specialisering\Bin\vertexShader.cso
  Time.cpp
  Transform.cpp
  SmallString.cpp
c:\users\joakim.bensryd\desktop\specialisering\engine\smallstring.cpp(19): warning C4554: '^': check operator precedence for possible error; use parentheses to clarify precedence
c:\users\joakim.bensryd\desktop\specialisering\engine\smallstring.cpp(44): warning C4267: 'initializing': conversion from 'size_t' to 'unsigned int', possible loss of data
c:\users\joakim.bensryd\desktop\specialisering\engine\smallstring.cpp(51): warning C4018: '<': signed/unsigned mismatch
c:\users\joakim.bensryd\desktop\specialisering\engine\smallstring.cpp(53): warning C4189: 'what': local variable is initialized but not referenced
c:\users\joakim.bensryd\desktop\specialisering\engine\smallstring.cpp(70): warning C4267: 'initializing': conversion from 'size_t' to 'unsigned int', possible loss of data
c:\users\joakim.bensryd\desktop\specialisering\engine\smallstring.cpp(78): warning C4018: '<': signed/unsigned mismatch
c:\users\joakim.bensryd\desktop\specialisering\engine\smallstring.cpp(96): warning C4018: '<': signed/unsigned mismatch
c:\users\joakim.bensryd\desktop\specialisering\engine\smallstring.cpp(117): warning C4267: 'initializing': conversion from 'size_t' to 'unsigned int', possible loss of data
c:\users\joakim.bensryd\desktop\specialisering\engine\smallstring.cpp(126): warning C4018: '<': signed/unsigned mismatch
  InputManager.cpp
c:\users\joakim.bensryd\desktop\specialisering\engine\utilities\inputmanager.cpp(115): warning C4244: '=': conversion from 'LONG' to 'float', possible loss of data
c:\users\joakim.bensryd\desktop\specialisering\engine\utilities\inputmanager.cpp(116): warning C4244: '=': conversion from 'LONG' to 'float', possible loss of data
c:\users\joakim.bensryd\desktop\specialisering\engine\utilities\inputmanager.cpp(128): warning C4244: '=': conversion from 'float' to 'int', possible loss of data
  Shader.cpp
c:\users\joakim.bensryd\desktop\specialisering\engine\engine\shadercompiler.h(3): warning C4067: unexpected tokens following preprocessor directive - expected a newline
  ShaderCompiler.cpp
c:\users\joakim.bensryd\desktop\specialisering\engine\engine\shadercompiler.h(3): warning C4067: unexpected tokens following preprocessor directive - expected a newline
c:\users\joakim.bensryd\desktop\specialisering\engine\engine\shadercompiler.cpp(15): warning C4100: 'aShaderToLoadInto': unreferenced formal parameter
c:\users\joakim.bensryd\desktop\specialisering\engine\engine\shadercompiler.cpp(15): warning C4100: 'aShaderType': unreferenced formal parameter
c:\users\joakim.bensryd\desktop\specialisering\engine\engine\shadercompiler.cpp(15): warning C4100: 'aEntryPoint': unreferenced formal parameter
c:\users\joakim.bensryd\desktop\specialisering\engine\engine\shadercompiler.cpp(15): warning C4100: 'aIncludePath': unreferenced formal parameter
c:\users\joakim.bensryd\desktop\specialisering\engine\engine\shadercompiler.cpp(15): warning C4100: 'aFileName': unreferenced formal parameter
c:\users\joakim.bensryd\desktop\specialisering\engine\engine\shadercompiler.cpp(26): warning C4189: 'include': local variable is initialized but not referenced
c:\users\joakim.bensryd\desktop\specialisering\engine\engine\shadercompiler.cpp(23): warning C4189: 'errorBlob': local variable is initialized but not referenced
  SpriteRenderer.cpp
c:\users\joakim.bensryd\desktop\specialisering\engine\engine\shadercompiler.h(3): warning C4067: unexpected tokens following preprocessor directive - expected a newline
  Scene.cpp
c:\users\joakim.bensryd\desktop\specialisering\engine\engine\scene.cpp(29): warning C4018: '<': signed/unsigned mismatch
  WindowHandler.cpp
  TextureLoader.cpp
  Texture.cpp
  Sprite.cpp
c:\users\joakim.bensryd\desktop\specialisering\engine\engine\shadercompiler.h(3): warning C4067: unexpected tokens following preprocessor directive - expected a newline
  pch.cpp
  DDSTextureLoader.cpp
  GraphicsEngine.cpp
c:\users\joakim.bensryd\desktop\specialisering\engine\engine\shadercompiler.h(3): warning C4067: unexpected tokens following preprocessor directive - expected a newline
  DirectXFramework.cpp
c:\users\joakim.bensryd\desktop\specialisering\engine\engine\directxframework.cpp(49): warning C4244: '=': conversion from 'const UINT' to 'FLOAT', possible loss of data
c:\users\joakim.bensryd\desktop\specialisering\engine\engine\directxframework.cpp(50): warning C4244: '=': conversion from 'const UINT' to 'FLOAT', possible loss of data
  Base.cpp
  Generating Code...
  Engine.vcxproj -> C:\Users\Joakim.bensryd\Desktop\Specialisering\Bin\Engine.lib
