c:\users\joakim.bensryd\desktop\specialisering\engine\x64\debug\engine.pdb
c:\users\joakim.bensryd\desktop\specialisering\engine\x64\debug\engine.idb
c:\users\joakim.bensryd\desktop\specialisering\engine\x64\debug\base.obj
c:\users\joakim.bensryd\desktop\specialisering\engine\x64\debug\directxframework.obj
c:\users\joakim.bensryd\desktop\specialisering\engine\x64\debug\graphicsengine.obj
c:\users\joakim.bensryd\desktop\specialisering\engine\x64\debug\ddstextureloader.obj
c:\users\joakim.bensryd\desktop\specialisering\engine\x64\debug\pch.obj
c:\users\joakim.bensryd\desktop\specialisering\engine\x64\debug\sprite.obj
c:\users\joakim.bensryd\desktop\specialisering\engine\x64\debug\texture.obj
c:\users\joakim.bensryd\desktop\specialisering\engine\x64\debug\textureloader.obj
c:\users\joakim.bensryd\desktop\specialisering\engine\x64\debug\windowhandler.obj
c:\users\joakim.bensryd\desktop\specialisering\engine\x64\debug\scene.obj
c:\users\joakim.bensryd\desktop\specialisering\engine\x64\debug\spriterenderer.obj
c:\users\joakim.bensryd\desktop\specialisering\engine\x64\debug\shadercompiler.obj
c:\users\joakim.bensryd\desktop\specialisering\engine\x64\debug\shader.obj
c:\users\joakim.bensryd\desktop\specialisering\engine\x64\debug\inputmanager.obj
c:\users\joakim.bensryd\desktop\specialisering\engine\x64\debug\smallstring.obj
c:\users\joakim.bensryd\desktop\specialisering\engine\x64\debug\transform.obj
c:\users\joakim.bensryd\desktop\specialisering\engine\x64\debug\time.obj
c:\users\joakim.bensryd\desktop\specialisering\bin\geometryshader.cso
c:\users\joakim.bensryd\desktop\specialisering\bin\pixelshader.cso
c:\users\joakim.bensryd\desktop\specialisering\bin\vertexshader.cso
c:\users\joakim.bensryd\desktop\specialisering\bin\engine.lib
c:\users\joakim.bensryd\desktop\specialisering\bin\engine.pdb
c:\users\joakim.bensryd\desktop\specialisering\engine\x64\debug\engine.tlog\cl.command.1.tlog
c:\users\joakim.bensryd\desktop\specialisering\engine\x64\debug\engine.tlog\cl.read.1.tlog
c:\users\joakim.bensryd\desktop\specialisering\engine\x64\debug\engine.tlog\cl.write.1.tlog
c:\users\joakim.bensryd\desktop\specialisering\engine\x64\debug\engine.tlog\engine.write.1u.tlog
c:\users\joakim.bensryd\desktop\specialisering\engine\x64\debug\engine.tlog\fxc.command.1.tlog
c:\users\joakim.bensryd\desktop\specialisering\engine\x64\debug\engine.tlog\fxc.read.1.tlog
c:\users\joakim.bensryd\desktop\specialisering\engine\x64\debug\engine.tlog\fxc.write.1.tlog
c:\users\joakim.bensryd\desktop\specialisering\engine\x64\debug\engine.tlog\lib-link.read.1.tlog
c:\users\joakim.bensryd\desktop\specialisering\engine\x64\debug\engine.tlog\lib-link.write.1.tlog
c:\users\joakim.bensryd\desktop\specialisering\engine\x64\debug\engine.tlog\lib.command.1.tlog
